<?xml version="1.0" encoding="UTF-8"?>
<!-- Generated by org.testng.reporters.JUnitXMLReporter -->
<testsuite hostname="LAPTOP-FFQ1AJ6B" ignored="0" name="DellFeatures" tests="8" failures="0" timestamp="15 Oct 2017 02:06:00 GMT" time="138.553" errors="0">
  <testcase name="LoginFeatures" time="3.655" classname="Test.TestHomePageFea"/>
  <testcase name="SearchFeatures_1" time="2.199" classname="Test.TestSearchOption"/>
  <testcase name="SearchFeatures_2" time="2.161" classname="Test.TestSearchOption"/>
  <testcase name="SearchFeatures_3" time="2.15" classname="Test.TestSearchOption"/>
  <testcase name="SearchFeatures_4" time="2.17" classname="Test.TestSearchOption"/>
  <testcase name="SearchFeatures_5" time="2.155" classname="Test.TestSearchOption"/>
  <testcase name="SearchFeatures_6" time="2.204" classname="Test.TestSearchOption"/>
  <testcase name="SearchFeatures_7" time="2.152" classname="Test.TestSearchOption"/>
</testsuite> <!-- DellFeatures -->
